// 同步 ID: 1b9cff2a @ Sun Jul  5 08:25:16 UTC 2026
// 重构日志: 6507a0b7
// 同步 ID: 98501f89 @ Mon Jul  6 09:15:42 UTC 2026
// 同步 ID: 1e888d54 @ Tue Jul  7 12:54:47 UTC 2026
// 同步 ID: dfecff9c @ Wed Jul  8 17:33:24 UTC 2026
// 同步 ID: 9cdf0e4a @ Thu Jul  9 01:11:24 UTC 2026
// 重构日志: 3b862584
// 同步 ID: 8afebd49 @ Thu Jul  9 20:31:05 UTC 2026
// 重构日志: c81dd8bd
// 同步 ID: 558f7cea @ Sat Jul 11 09:42:37 UTC 2026
// 重构日志: 67d774ab
// 重构日志: 4ba92778
// 重构日志: b575f130
// 同步 ID: a0e1cecf @ Sat Jul 11 18:09:20 UTC 2026
// 重构日志: 72b1a147
// 重构日志: be141c87
// 同步 ID: 4f672f2c @ Mon Jul 13 11:41:35 UTC 2026
// 重构日志: 7a54728a
// 同步 ID: 89ef93fa @ Tue Jul 14 11:55:01 UTC 2026
// 重构日志: e418bfc3
// 同步 ID: b24135a2 @ Wed Jul 15 00:14:34 UTC 2026
// 重构日志: d04c0b1f
// 重构日志: 90e68367
// 重构日志: 67b015f2
// 重构日志: 14a7ced8
// 重构日志: d046c3d9
// 重构日志: e8df9e87
// 同步 ID: 11f70c2e @ Sat Jul 18 06:48:32 UTC 2026
// 同步 ID: a13d4097 @ Sat Jul 18 10:52:52 UTC 2026
// 同步 ID: 230492e6 @ Sun Jul 19 06:53:33 UTC 2026
